{
  "RSpec": {
    "coverage": {
      "/Users/Travis/Documents/Projects/SNPy/app/helpers/application_helper.rb": [
        1,
        null
      ],
      "/Users/Travis/Documents/Projects/SNPy/app/helpers/categories_helper.rb": [
        1,
        null
      ],
      "/Users/Travis/Documents/Projects/SNPy/app/helpers/disease_helper.rb": [
        1,
        null
      ],
      "/Users/Travis/Documents/Projects/SNPy/app/helpers/risks_helper.rb": [
        1,
        null
      ],
      "/Users/Travis/Documents/Projects/SNPy/app/controllers/categories_controller.rb": [
        1,
        null,
        1,
        0,
        0,
        0,
        0,
        null,
        0,
        null,
        null
      ],
      "/Users/Travis/Documents/Projects/SNPy/app/controllers/application_controller.rb": [
        1,
        1,
        1,
        null,
        null,
        1,
        null,
        1,
        1,
        0,
        0,
        0,
        null,
        null,
        null
      ],
      "/Users/Travis/Documents/Projects/SNPy/app/controllers/risks_controller.rb": [
        1,
        null,
        1,
        0,
        null,
        null
      ],
      "/Users/Travis/Documents/Projects/SNPy/app/models/category.rb": [
        1,
        1,
        null
      ],
      "/Users/Travis/Documents/Projects/SNPy/app/models/disease.rb": [
        1,
        null,
        1,
        1,
        1,
        null,
        null
      ],
      "/Users/Travis/Documents/Projects/SNPy/app/models/genome.rb": [
        1,
        null,
        1,
        null,
        null,
        1,
        null,
        1,
        null,
        null,
        null,
        null
      ],
      "/Users/Travis/Documents/Projects/SNPy/app/uploaders/genome_uploader.rb": [
        null,
        null,
        null,
        null,
        null,
        null,
        null,
        1,
        1,
        null,
        null,
        null,
        null,
        null,
        null,
        1,
        null,
        null,
        null,
        null,
        1,
        1,
        null,
        null,
        1,
        0,
        null,
        null,
        1,
        0,
        null,
        null,
        null,
        null,
        null,
        null,
        null,
        null,
        null,
        null,
        null,
        null,
        null,
        null,
        null,
        null,
        null,
        null,
        null,
        null,
        null,
        null,
        null,
        null,
        null,
        null,
        null,
        null,
        null,
        null,
        null,
        null,
        null,
        null,
        null,
        null,
        null,
        null,
        null,
        null,
        null,
        null,
        null,
        null,
        null,
        null,
        null,
        null,
        null,
        null,
        null,
        null,
        null,
        null,
        null,
        null,
        null,
        null,
        null,
        null
      ],
      "/Users/Travis/Documents/Projects/SNPy/app/models/marker.rb": [
        1,
        1,
        1,
        null,
        1,
        1,
        null,
        null,
        null,
        null
      ],
      "/Users/Travis/Documents/Projects/SNPy/app/models/report.rb": [
        1,
        null,
        1,
        1,
        1,
        null,
        1,
        null,
        1,
        0,
        0,
        0,
        0,
        0,
        0,
        0,
        0,
        0,
        null,
        null,
        0,
        0,
        0,
        null,
        null,
        0,
        0,
        null,
        null
      ],
      "/Users/Travis/Documents/Projects/SNPy/app/models/risk.rb": [
        1,
        null,
        1,
        1,
        null,
        null,
        1,
        1,
        null,
        null,
        null,
        null
      ],
      "/Users/Travis/Documents/Projects/SNPy/app/models/user.rb": [
        1,
        1,
        1,
        null,
        1,
        1,
        null,
        1,
        null,
        1,
        0,
        0,
        null,
        null,
        null,
        1,
        0,
        null,
        null,
        null,
        1,
        0,
        null,
        null,
        1,
        0,
        null,
        null,
        1,
        0,
        0,
        0,
        0,
        0,
        null,
        0,
        null,
        0,
        null,
        null,
        null
      ]
    },
    "timestamp": 1408051316
  }
}
