{
    "RSpec": {
        "coverage": {
            "/Users/nataliemccroy/Desktop/team_evil_genius/SNPy/app/helpers/application_helper.rb": [
                1,
                null
            ],
            "/Users/nataliemccroy/Desktop/team_evil_genius/SNPy/app/models/category.rb": [
                1,
                1,
                null
            ],
            "/Users/apprentice/Desktop/SNPy/app/models/disease.rb": [
                1,
                null,
                1,
                1,
                1,
                null,
                null
            ],
            "/Users/nataliemccroy/Desktop/team_evil_genius/SNPy/app/models/genome.rb": [
                1,
                null,
                1,
                1,
                null,
                1,
                null,
                1,
                null,
                null
            ],
            "/Users/nataliemccroy/Desktop/team_evil_genius/SNPy/app/uploaders/genome_uploader.rb": [
                null,
                null,
                1,
                null,
                null,
                null,
                null,
                null,
                null,
                null,
                1,
                null,
                null,
                null,
                1,
                0,
                null,
                null,
                null,
                null,
                null,
                null,
                null,
                null,
                null,
                null,
                null,
                null,
                null,
                null,
                null,
                null,
                null,
                null,
                null,
                null,
                null,
                null,
                null,
                null,
                null,
                null,
                null,
                null,
                null,
                null,
                null,
                null,
                null,
                null,
                null
            ],
            "/Users/nataliemccroy/Desktop/team_evil_genius/SNPy/app/models/marker.rb": [
                1,
                1,
                1,
                null,
                1,
                1,
                null
            ],
            "/Users/nataliemccroy/Desktop/team_evil_genius/SNPy/app/models/risk.rb": [
                1,
                null,
                null,
                1,
                1,
                null,
                null
            ],
            "/Users/nataliemccroy/Desktop/team_evil_genius/SNPy/app/models/user.rb": [
                1,
                1,
                1,
                null,
                1,
                1,
                null,
                1,
                0,
                null,
                null,
                null
            ],
            "/Users/nataliemccroy/Desktop/team_evil_genius/SNPy/app/models/report.rb": [
                1,
                1,
                1,
                null
            ]
        },
        << << << < HEAD "timestamp": 1406309980 === === =
            "timestamp": 1406316969 >>> >>> > e322c3971c854e875c3086a34dd082dae2a17e78
    }
}
